[09:45:14] [main/INFO]: Setting user: Player69
[09:45:19] [main/WARN]: Skipping bad option: lastServer:
[09:45:19] [main/INFO]: LWJGL Version: 2.9.4
[09:45:22] [main/INFO]: Reloading ResourceManager: Default, FMLFileResourcePack:Forge Mod Loader, FMLFileResourcePack:Minecraft Forge, FMLFileResourcePack:MS Gundam Mod
[09:45:24] [Sound Library Loader/INFO]: Starting up SoundSystem...
[09:45:24] [Thread-4/INFO]: Initializing LWJGL OpenAL
[09:45:24] [Thread-4/INFO]: (The LWJGL binding of OpenAL.  For more information, see http://www.lwjgl.org)
[09:45:24] [Thread-4/INFO]: OpenAL initialized.
[09:45:25] [Sound Library Loader/INFO]: Sound engine started
[09:45:27] [main/INFO]: Created: 512x512 textures-atlas
[09:45:30] [main/WARN]: Skipping bad option: lastServer:
[09:45:31] [main/INFO]: Narrator library successfully loaded
[09:45:31] [Realms Notification Availability checker #1/INFO]: Could not authorize you against Realms server: Invalid session id
[09:45:37] [Server thread/INFO]: Starting integrated minecraft server version 1.12
[09:45:37] [Server thread/INFO]: Generating keypair
[09:45:38] [Server thread/INFO]: Loaded 488 advancements
[09:45:38] [Server thread/INFO]: Preparing start region for level 0
[09:45:39] [Server thread/INFO]: Changing view distance to 12, from 10
[09:45:40] [Server thread/INFO]: Player69[local:E:04cf669b] logged in with entity id 59 at (-5.472444653468023, 5.0, 395.74299895142224)
[09:45:40] [Server thread/INFO]: Player69 joined the game
[09:45:41] [Server thread/INFO]: Saving and pausing game...
[09:45:41] [Server thread/INFO]: Saving chunks for level 'Development Testing'/overworld
[09:45:42] [Server thread/INFO]: Saving chunks for level 'Development Testing'/the_nether
[09:45:42] [Server thread/INFO]: Saving chunks for level 'Development Testing'/the_end
[09:45:42] [Server thread/INFO]: Saving chunks for level 'Development Testing'/gundam
[09:45:42] [main/INFO]: Loaded 2 advancements
[09:45:42] [pool-2-thread-1/WARN]: Couldn't look up profile properties for com.mojang.authlib.GameProfile@196da880[id=eee10812-13cd-3f90-b77f-2195c9c5b71e,name=Player69,properties={},legacy=false]
com.mojang.authlib.exceptions.AuthenticationException: The client has sent too many requests within a certain amount of time
	at com.mojang.authlib.yggdrasil.YggdrasilAuthenticationService.makeRequest(YggdrasilAuthenticationService.java:79) ~[YggdrasilAuthenticationService.class:?]
	at com.mojang.authlib.yggdrasil.YggdrasilMinecraftSessionService.fillGameProfile(YggdrasilMinecraftSessionService.java:180) [YggdrasilMinecraftSessionService.class:?]
	at com.mojang.authlib.yggdrasil.YggdrasilMinecraftSessionService$1.load(YggdrasilMinecraftSessionService.java:60) [YggdrasilMinecraftSessionService$1.class:?]
	at com.mojang.authlib.yggdrasil.YggdrasilMinecraftSessionService$1.load(YggdrasilMinecraftSessionService.java:57) [YggdrasilMinecraftSessionService$1.class:?]
	at com.google.common.cache.LocalCache$LoadingValueReference.loadFuture(LocalCache.java:3716) [guava-21.0.jar:?]
	at com.google.common.cache.LocalCache$Segment.loadSync(LocalCache.java:2424) [guava-21.0.jar:?]
	at com.google.common.cache.LocalCache$Segment.lockedGetOrLoad(LocalCache.java:2298) [guava-21.0.jar:?]
	at com.google.common.cache.LocalCache$Segment.get(LocalCache.java:2211) [guava-21.0.jar:?]
	at com.google.common.cache.LocalCache.get(LocalCache.java:4154) [guava-21.0.jar:?]
	at com.google.common.cache.LocalCache.getOrLoad(LocalCache.java:4158) [guava-21.0.jar:?]
	at com.google.common.cache.LocalCache$LocalLoadingCache.get(LocalCache.java:5147) [guava-21.0.jar:?]
	at com.google.common.cache.LocalCache$LocalLoadingCache.getUnchecked(LocalCache.java:5153) [guava-21.0.jar:?]
	at com.mojang.authlib.yggdrasil.YggdrasilMinecraftSessionService.fillProfileProperties(YggdrasilMinecraftSessionService.java:170) [YggdrasilMinecraftSessionService.class:?]
	at net.minecraft.client.Minecraft.getProfileProperties(Minecraft.java:3170) [Minecraft.class:?]
	at net.minecraft.client.resources.SkinManager$3.run(SkinManager.java:138) [SkinManager$3.class:?]
	at java.util.concurrent.Executors$RunnableAdapter.call(Executors.java:511) [?:1.8.0_181]
	at java.util.concurrent.FutureTask.run(FutureTask.java:266) [?:1.8.0_181]
	at java.util.concurrent.ThreadPoolExecutor.runWorker(ThreadPoolExecutor.java:1149) [?:1.8.0_181]
	at java.util.concurrent.ThreadPoolExecutor$Worker.run(ThreadPoolExecutor.java:624) [?:1.8.0_181]
	at java.lang.Thread.run(Thread.java:748) [?:1.8.0_181]
[09:45:42] [main/WARN]: Unable to play empty soundEvent: minecraft:entity.small_slime.jump
[09:45:42] [main/WARN]: Unable to play empty soundEvent: minecraft:entity.small_slime.squish
[09:45:46] [Server thread/INFO]: Saving and pausing game...
[09:45:46] [Server thread/INFO]: Saving chunks for level 'Development Testing'/overworld
[09:45:46] [Server thread/INFO]: Saving chunks for level 'Development Testing'/the_nether
[09:45:46] [Server thread/INFO]: Saving chunks for level 'Development Testing'/the_end
[09:45:46] [Server thread/INFO]: Saving chunks for level 'Development Testing'/gundam
[09:45:48] [Server thread/INFO]: Stopping server
[09:45:48] [Server thread/INFO]: Saving players
[09:45:48] [Server thread/INFO]: Player69 lost connection: Disconnected
[09:45:48] [Server thread/INFO]: Player69 left the game
[09:45:48] [Server thread/INFO]: Stopping singleplayer server as player logged out
[09:45:48] [Server thread/INFO]: Saving worlds
[09:45:48] [Server thread/INFO]: Saving chunks for level 'Development Testing'/overworld
[09:45:48] [Server thread/INFO]: Saving chunks for level 'Development Testing'/the_nether
[09:45:48] [Server thread/INFO]: Saving chunks for level 'Development Testing'/the_end
[09:45:48] [Server thread/INFO]: Saving chunks for level 'Development Testing'/gundam
[09:45:50] [main/INFO]: Stopping!
[09:45:50] [main/INFO]: SoundSystem shutting down...
[09:45:50] [main/WARN]: Author: Paul Lamb, www.paulscode.com
